Arguments: 
  /usr/bin/node /mnt/c/Program Files (x86)/Yarn/bin/yarn.js

PATH: 
  /usr/local/sbin:/usr/local/bin:/usr/sbin:/usr/bin:/sbin:/bin:/usr/games:/usr/local/games:/mnt/c/Python27:/mnt/c/Python27/Scripts:/mnt/c/Program Files/Docker/Docker/resources/bin:/mnt/c/Windows/System32:/mnt/c/Windows:/mnt/c/Windows/System32/wbem:/mnt/c/Windows/System32/WindowsPowerShell/v1.0:/mnt/c/Program Files/Microsoft VS Code/bin:/mnt/c/Program Files/Git/cmd:/mnt/c/Program Files/Git/mingw64/bin:/mnt/c/Program Files/Git/usr/bin:/mnt/c/Windows/System32/OpenSSH:/mnt/c/ProgramData/chocolatey/bin:/mnt/c/Program Files/Java/jdk1.8.0_191/bin:/mnt/c/Program Files/nodejs:/mnt/c/Program Files (x86)/Yarn/bin:/mnt/c/Users/shilo/AppData/Local/Microsoft/WindowsApps:/mnt/c/Users/shilo/AppData/Local/Programs/Microsoft VS Code/bin:/mnt/c/Users/shilo/AppData/Local/Android/Sdk/platform-tools:/mnt/c/Users/shilo/AppData/Roaming/npm:/mnt/c/Users/shilo/AppData/Local/Yarn/bin:/mnt/c/Users/shilo/AppData/Local/atom/bin:/mnt/c/ProgramData/chocolatey/lib/mingw/tools/install/mingw64/bin:/mnt/c/Users/shilo/AppData/Local/Android/Sdk/build-tools/25.0.0:/snap/bin:/usr/lib/jvm/java-8-oracle/bin:/usr/lib/jvm/java-8-oracle/db/bin:/usr/lib/jvm/java-8-oracle/jre/bin

Yarn version: 
  1.10.1

Node version: 
  8.10.0

Platform: 
  linux x64

Trace: 
  Error: https://registry.yarnpkg.com/eslint-config-usaa: Not found
      at Request.params.callback [as _callback] (/mnt/c/Program Files (x86)/Yarn/lib/cli.js:60182:18)
      at Request.self.callback (/mnt/c/Program Files (x86)/Yarn/lib/cli.js:120166:22)
      at emitTwo (events.js:126:13)
      at Request.emit (events.js:214:7)
      at Request.<anonymous> (/mnt/c/Program Files (x86)/Yarn/lib/cli.js:121138:10)
      at emitOne (events.js:116:13)
      at Request.emit (events.js:211:7)
      at IncomingMessage.<anonymous> (/mnt/c/Program Files (x86)/Yarn/lib/cli.js:121060:12)
      at Object.onceWrapper (events.js:313:30)
      at emitNone (events.js:111:20)

npm manifest: 
  {
    "name": "divhero",
    "version": "1.0.0",
    "description": "",
    "private": true,
    "scripts": {
      "dev": "webpack-dev-server",
      "build": "./node_modules/webpack/bin/webpack.js",
      "lint": "eslint src server test --ext .js,.jsx",
      "fix": "eslint src server test --ext .js,.jsx --fix"
    },
    "keywords": [],
    "author": "",
    "license": "ISC",
    "devDependencies": {
      "babel-core": "^6.26.0",
      "babel-loader": "^7.1.4",
      "babel-preset-env": "^1.6.1",
      "babel-preset-es2015": "^6.24.1",
      "concurrently": "~3.4.0",
      "css-loader": "^0.28.11",
      "eslint": "~4.18.2",
      "eslint-config-usaa": "^3.1.0",
      "file-loader": "^1.1.6",
      "ghooks": "~0.3.2",
      "style-loader": "^0.20.3",
      "url-loader": "^0.5.9",
      "webpack": "~3.4.0",
      "webpack-dev-server": "~2.6.0"
    },
    "dependencies": {}
  }

yarn manifest: 
  No manifest

Lockfile: 
  No lockfile
